[debug] [2022-01-20T20:54:46.578Z] ----------------------------------------------------------------------
[debug] [2022-01-20T20:54:46.585Z] Command:       C:\Program Files\nodejs\node.exe C:\Users\OSAZIE\AppData\Roaming\npm\node_modules\firebase-tools\lib\bin\firebase.js init
[debug] [2022-01-20T20:54:46.585Z] CLI Version:   9.18.0
[debug] [2022-01-20T20:54:46.586Z] Platform:      win32
[debug] [2022-01-20T20:54:46.586Z] Node Version:  v14.17.3
[debug] [2022-01-20T20:54:46.587Z] Time:          Thu Jan 20 2022 21:54:46 GMT+0100 (West Africa Standard Time)
[debug] [2022-01-20T20:54:46.588Z] ----------------------------------------------------------------------
[debug] 
[debug] [2022-01-20T20:54:46.601Z] > command requires scopes: ["email","openid","https://www.googleapis.com/auth/cloudplatformprojects.readonly","https://www.googleapis.com/auth/firebase","https://www.googleapis.com/auth/cloud-platform"]
[debug] [2022-01-20T20:54:46.602Z] > authorizing via signed-in user (adunbarin990@gmail.com)
[info] 
     ######## #### ########  ######## ########     ###     ######  ########
     ##        ##  ##     ## ##       ##     ##  ##   ##  ##       ##
     ######    ##  ########  ######   ########  #########  ######  ######
     ##        ##  ##    ##  ##       ##     ## ##     ##       ## ##
     ##       #### ##     ## ######## ########  ##     ##  ######  ########

You're about to initialize a Firebase project in this directory:

  C:\Users\OSAZIE\Desktop\tribnova\my-app

[info] 
=== Project Setup
[info] 
[info] First, let's associate this project directory with a Firebase project.
[info] You can create multiple project aliases by running firebase use --add, 
[info] but for now we'll just set up a default project.
[info] 
[debug] [2022-01-20T20:54:58.593Z] >>> [apiv2][query] GET https://firebase.googleapis.com/v1beta1/projects pageSize=100
[debug] [2022-01-20T20:54:59.388Z] <<< [apiv2][status] GET https://firebase.googleapis.com/v1beta1/projects 200
[debug] [2022-01-20T20:54:59.388Z] <<< [apiv2][body] GET https://firebase.googleapis.com/v1beta1/projects [omitted]
[info] i  Using project tribinnov (Tribinnov) 
[info] 
=== Hosting:github Setup
[info] 
[info] i  Detected a .git folder at C:\Users\OSAZIE\Desktop\tribnova\my-app 
[info] i  Authorizing with GitHub to upload your service account to a GitHub repository's secrets store. 
[info] 
[info] Visit this URL on this device to log in:
[info] https://github.com/login/oauth/authorize?client_id=89cf50f02ac6aaed3484&state=59608921&redirect_uri=http%3A%2F%2Flocalhost%3A9005&scope=read%3Auser%20repo%20public_repo
[info] 
[info] Waiting for authentication...
[debug] [2022-01-20T20:55:03.661Z] >>> HTTP REQUEST POST https://github.com/login/oauth/access_token  
 {"client_id":"89cf50f02ac6aaed3484","client_secret":"3330d14abc895d9a74d5f17cd7a00711fa2c5bf0","code":"7b5589b8f52fb98cae04","redirect_uri":"http://localhost:9005","state":"59608921"}
[debug] [2022-01-20T20:55:04.440Z] <<< HTTP RESPONSE 200 {"server":"GitHub.com","date":"Thu, 20 Jan 2022 20:55:04 GMT","content-type":"application/json; charset=utf-8","transfer-encoding":"chunked","vary":"X-PJAX, X-PJAX-Container, Accept-Encoding, Accept, X-Requested-With","permissions-policy":"interest-cohort=()","etag":"W/\"d2e91d4b9643ee961755dc37996bbd8d\"","cache-control":"max-age=0, private, must-revalidate","strict-transport-security":"max-age=31536000; includeSubdomains; preload","x-frame-options":"deny","x-content-type-options":"nosniff","x-xss-protection":"0","referrer-policy":"origin-when-cross-origin, strict-origin-when-cross-origin","expect-ct":"max-age=2592000, report-uri=\"https://api.github.com/_private/browser/errors\"","content-security-policy":"default-src 'none'; base-uri 'self'; block-all-mixed-content; child-src github.com/assets-cdn/worker/ gist.github.com/assets-cdn/worker/; connect-src 'self' uploads.github.com objects-origin.githubusercontent.com www.githubstatus.com collector.githubapp.com api.github.com github-cloud.s3.amazonaws.com github-production-repository-file-5c1aeb.s3.amazonaws.com github-production-upload-manifest-file-7fdce7.s3.amazonaws.com github-production-user-asset-6210df.s3.amazonaws.com cdn.optimizely.com logx.optimizely.com/v1/events translator.github.com wss://alive.github.com; font-src github.githubassets.com; form-action 'self' github.com gist.github.com objects-origin.githubusercontent.com; frame-ancestors 'none'; frame-src render.githubusercontent.com viewscreen.githubusercontent.com notebooks.githubusercontent.com; img-src 'self' data: github.githubassets.com identicons.github.com collector.githubapp.com github-cloud.s3.amazonaws.com secured-user-images.githubusercontent.com/ *.githubusercontent.com; manifest-src 'self'; media-src github.com user-images.githubusercontent.com/; script-src github.githubassets.com; style-src 'unsafe-inline' github.githubassets.com; worker-src github.com/assets-cdn/worker/ gist.github.com/assets-cdn/worker/","x-github-request-id":"DF9E:104F7:29C4DC8:2C04AC1:61E9CC28"}
[debug] [2022-01-20T20:55:04.458Z] >>> [apiv2][query] GET https://api.github.com/user [none]
[debug] [2022-01-20T20:55:05.232Z] <<< [apiv2][status] GET https://api.github.com/user 200
[debug] [2022-01-20T20:55:05.232Z] <<< [apiv2][body] GET https://api.github.com/user {"login":"uyiekpen","id":71497866,"node_id":"MDQ6VXNlcjcxNDk3ODY2","avatar_url":"https://avatars.githubusercontent.com/u/71497866?v=4","gravatar_id":"","url":"https://api.github.com/users/uyiekpen","html_url":"https://github.com/uyiekpen","followers_url":"https://api.github.com/users/uyiekpen/followers","following_url":"https://api.github.com/users/uyiekpen/following{/other_user}","gists_url":"https://api.github.com/users/uyiekpen/gists{/gist_id}","starred_url":"https://api.github.com/users/uyiekpen/starred{/owner}{/repo}","subscriptions_url":"https://api.github.com/users/uyiekpen/subscriptions","organizations_url":"https://api.github.com/users/uyiekpen/orgs","repos_url":"https://api.github.com/users/uyiekpen/repos","events_url":"https://api.github.com/users/uyiekpen/events{/privacy}","received_events_url":"https://api.github.com/users/uyiekpen/received_events","type":"User","site_admin":false,"name":"Uyiekpen Osazie Elizabeth","company":null,"blog":"https://uyiekpenosazie-298a3.web.app/","location":"lagos","email":null,"hireable":null,"bio":"I’m Osazie Uyiekpen, a professional and talented frontend developer with great design skills. I am passionate about leveraging my diverse backgrounds ","twitter_username":"uosazie","public_repos":43,"public_gists":0,"followers":4,"following":6,"created_at":"2020-09-18T10:57:46Z","updated_at":"2021-12-20T13:35:15Z","private_gists":0,"total_private_repos":1,"owned_private_repos":1,"disk_usage":348035,"collaborators":3,"two_factor_authentication":false,"plan":{"name":"free","space":976562499,"collaborators":0,"private_repos":10000}}
[info] 
[info] +  Success! Logged into GitHub as uyiekpen 
[info] 
[debug] [2022-01-20T20:55:21.381Z] >>> [apiv2][query] GET https://api.github.com/repos/uyiekpen/actions/secrets/public-key type=owner
[debug] [2022-01-20T20:55:22.113Z] <<< [apiv2][status] GET https://api.github.com/repos/uyiekpen/actions/secrets/public-key 404
[debug] [2022-01-20T20:55:22.113Z] <<< [apiv2][body] GET https://api.github.com/repos/uyiekpen/actions/secrets/public-key {"message":"Not Found","documentation_url":"https://docs.github.com/rest"}
